2025-01-16 02:53:02,992 - __main__ - INFO - Запуск main()
2025-01-16 02:53:03,024 - __main__ - INFO - Инициализация базы данных
2025-01-16 02:53:03,082 - __main__ - INFO - Настройка бота и диспетчера
2025-01-16 02:53:03,093 - __main__ - INFO - Подключение middleware
2025-01-16 02:53:03,093 - __main__ - INFO - Регистрация хендлеров
2025-01-16 02:53:03,093 - bot.handlers.reminders - INFO - Запуск планировщика задач
2025-01-16 02:53:03,095 - apscheduler.scheduler - INFO - Scheduler started
2025-01-16 02:53:03,095 - __main__ - INFO - Бот запущен! Начало polling...
2025-01-16 02:53:03,095 - aiogram.dispatcher - INFO - Start polling
2025-01-16 02:53:03,798 - aiogram.dispatcher - INFO - Run polling for bot @airunnerbot id=7987337779 - 'RunnerBot'
2025-01-16 02:55:26,404 - aiogram.event - INFO - Update id=785582077 is handled. Duration 406 ms by bot id=7987337779
2025-01-16 02:55:28,431 - httpx - INFO - HTTP Request: POST https://ngw.devices.sberbank.ru:9443/api/v2/oauth "HTTP/1.1 200 OK"
2025-01-16 02:55:31,576 - httpx - INFO - HTTP Request: POST https://gigachat.devices.sberbank.ru/api/v1/chat/completions "HTTP/1.1 200 OK"
2025-01-16 02:55:32,679 - aiogram.event - INFO - Update id=785582078 is handled. Duration 4547 ms by bot id=7987337779
2025-01-16 02:55:42,133 - httpx - INFO - HTTP Request: POST https://gigachat.devices.sberbank.ru/api/v1/chat/completions "HTTP/1.1 200 OK"
2025-01-16 02:55:42,266 - aiogram.event - INFO - Update id=785582079 is handled. Duration 1608 ms by bot id=7987337779
2025-01-16 02:55:51,370 - httpx - INFO - HTTP Request: POST https://gigachat.devices.sberbank.ru/api/v1/chat/completions "HTTP/1.1 200 OK"
2025-01-16 02:55:51,498 - aiogram.event - INFO - Update id=785582080 is handled. Duration 1718 ms by bot id=7987337779
2025-01-16 02:56:04,577 - httpx - INFO - HTTP Request: POST https://gigachat.devices.sberbank.ru/api/v1/chat/completions "HTTP/1.1 200 OK"
2025-01-16 02:56:04,719 - aiogram.event - INFO - Update id=785582081 is handled. Duration 6500 ms by bot id=7987337779
2025-01-16 02:56:21,619 - httpx - INFO - HTTP Request: POST https://ngw.devices.sberbank.ru:9443/api/v2/oauth "HTTP/1.1 200 OK"
2025-01-16 02:56:23,990 - httpx - INFO - HTTP Request: POST https://gigachat.devices.sberbank.ru/api/v1/chat/completions "HTTP/1.1 200 OK"
2025-01-16 02:56:24,232 - aiogram.event - INFO - Update id=785582082 is handled. Duration 2844 ms by bot id=7987337779
2025-01-16 02:56:51,943 - aiogram.dispatcher - INFO - Polling stopped
2025-01-16 02:56:51,943 - aiogram.dispatcher - INFO - Polling stopped for bot @airunnerbot id=7987337779 - 'RunnerBot'
2025-01-16 02:56:52,199 - __main__ - INFO - Закрытие сессии бота
2025-01-16 02:56:52,199 - bot.handlers.reminders - INFO - Остановка планировщика задач
2025-01-16 02:56:52,199 - apscheduler.scheduler - INFO - Scheduler has been shut down
